1604220084997	geckodriver	INFO	Listening on 127.0.0.1:63485
1604220088047	mozrunner::runner	INFO	Running command: "C:\\Program Files\\Mozilla Firefox\\firefox.exe" "--marionette" "-foreground" "-no-remote" "-profile" "C:\\Users\\KKHATI~1\\AppData\\Local\\Temp\\rust_mozprofile8wH2WY"
JavaScript error: resource://gre/modules/XULStore.jsm, line 66: Error: Can't find profile directory.
console.warn: SearchSettings: "get: No settings file exists, new profile?" (new Error("", "(unknown module)"))
1604220094927	Marionette	INFO	Listening on port 63495
1604220095535	Marionette	WARN	TLS certificate errors will be ignored for this session
1604220120118	Marionette	INFO	Stopped listening on port 63495
IPDL protocol error: Handler returned error code!

###!!! [Parent][DispatchAsyncMessage] Error: PLayerTransaction::Msg_ReleaseLayer Processing error: message was deserialized, but the handler returned false (indicating failure)


###!!! [Child][RunMessage] Error: Channel closing: too late to send/recv, messages will be lost


###!!! [Child][MessageChannel::SendAndWait] Error: Channel error: cannot send/recv

1604225587081	geckodriver	INFO	Listening on 127.0.0.1:58646
1604225590164	mozrunner::runner	INFO	Running command: "C:\\Program Files\\Mozilla Firefox\\firefox.exe" "--marionette" "-foreground" "-no-remote" "-profile" "C:\\Users\\KKHATI~1\\AppData\\Local\\Temp\\rust_mozprofilekv4Qq4"
JavaScript error: resource://gre/modules/XULStore.jsm, line 66: Error: Can't find profile directory.
console.warn: SearchSettings: "get: No settings file exists, new profile?" (new Error("", "(unknown module)"))
1604225597369	Marionette	INFO	Listening on port 58654
1604225597493	Marionette	WARN	TLS certificate errors will be ignored for this session
1604225639849	Marionette	INFO	Stopped listening on port 58654

###!!! [Child][RunMessage] Error: Channel closing: too late to send/recv, messages will be lost


###!!! [Child][MessageChannel::SendAndWait] Error: Channel error: cannot send/recv

1604225660440	geckodriver	INFO	Listening on 127.0.0.1:58754
1604225663528	mozrunner::runner	INFO	Running command: "C:\\Program Files\\Mozilla Firefox\\firefox.exe" "--marionette" "-foreground" "-no-remote" "-profile" "C:\\Users\\KKHATI~1\\AppData\\Local\\Temp\\rust_mozprofileLPDR9b"
JavaScript error: resource://gre/modules/XULStore.jsm, line 66: Error: Can't find profile directory.
console.warn: SearchSettings: "get: No settings file exists, new profile?" (new Error("", "(unknown module)"))
1604225670264	Marionette	INFO	Listening on port 58764
1604225670356	Marionette	WARN	TLS certificate errors will be ignored for this session
JavaScript error: https://pagead2.googlesyndication.com/pagead/js/adsbygoogle.js, line 219: uncaught exception: TagError: adsbygoogle.push() error: Fluid responsive ads must be at least 50px tall: height=4
Can't find symbol 'eglSwapBuffersWithDamageEXT'.
JavaScript warning: https://ntcovid19dash.herokuapp.com/_dash-component-suites/dash_core_components/async-plotlyjs.v1_10_2m1595872686.js, line 2: WebGL warning: texImage: Alpha-premult and y-flip are deprecated for non-DOM-Element uploads.
JavaScript warning: https://ntcovid19dash.herokuapp.com/_dash-component-suites/dash_core_components/async-plotlyjs.v1_10_2m1595872686.js, line 2: WebGL warning: texImage: Alpha-premult and y-flip are deprecated for non-DOM-Element uploads.
JavaScript warning: https://ntcovid19dash.herokuapp.com/_dash-component-suites/dash_core_components/async-plotlyjs.v1_10_2m1595872686.js, line 2: WebGL warning: texImage: Alpha-premult and y-flip are deprecated for non-DOM-Element uploads.
JavaScript warning: https://ntcovid19dash.herokuapp.com/_dash-component-suites/dash_core_components/async-plotlyjs.v1_10_2m1595872686.js, line 2: WebGL warning: texImage: Alpha-premult and y-flip are deprecated for non-DOM-Element uploads.

###!!! [Child][RunMessage] Error: Channel closing: too late to send/recv, messages will be lost

1604226041292	Marionette	INFO	Stopped listening on port 58764

###!!! [Child][RunMessage] Error: Channel closing: too late to send/recv, messages will be lost


###!!! [Child][MessageChannel::SendAndWait] Error: Channel error: cannot send/recv

1604227335161	geckodriver	INFO	Listening on 127.0.0.1:60316
1604227338208	mozrunner::runner	INFO	Running command: "C:\\Program Files\\Mozilla Firefox\\firefox.exe" "--marionette" "-foreground" "-no-remote" "-profile" "C:\\Users\\KKHATI~1\\AppData\\Local\\Temp\\rust_mozprofileZHgQZu"
JavaScript error: resource://gre/modules/XULStore.jsm, line 66: Error: Can't find profile directory.
console.warn: SearchSettings: "get: No settings file exists, new profile?" (new Error("", "(unknown module)"))
1604227341892	Marionette	INFO	Listening on port 60324
1604227342120	Marionette	WARN	TLS certificate errors will be ignored for this session
JavaScript error: resource://gre/modules/URIFixup.jsm, line 271: NS_ERROR_FAILURE: Should pass a non-null uri
1604227362460	Marionette	INFO	Stopped listening on port 60324

###!!! [Child][RunMessage] Error: Channel closing: too late to send/recv, messages will be lost


###!!! [Child][MessageChannel::SendAndWait] Error: Channel error: cannot send/recv

1604227364336	geckodriver	INFO	Listening on 127.0.0.1:60394
1604227367403	mozrunner::runner	INFO	Running command: "C:\\Program Files\\Mozilla Firefox\\firefox.exe" "--marionette" "-foreground" "-no-remote" "-profile" "C:\\Users\\KKHATI~1\\AppData\\Local\\Temp\\rust_mozprofilejK0Env"
JavaScript error: resource://gre/modules/XULStore.jsm, line 66: Error: Can't find profile directory.
console.warn: SearchSettings: "get: No settings file exists, new profile?" (new Error("", "(unknown module)"))
1604227370981	Marionette	INFO	Listening on port 60404
1604227371314	Marionette	WARN	TLS certificate errors will be ignored for this session
JavaScript error: resource://gre/modules/URIFixup.jsm, line 271: NS_ERROR_FAILURE: Should pass a non-null uri
JavaScript error: https://pagead2.googlesyndication.com/pagead/js/adsbygoogle.js, line 219: uncaught exception: TagError: adsbygoogle.push() error: Fluid responsive ads must be at least 50px tall: height=4
Can't find symbol 'eglSwapBuffersWithDamageEXT'.
JavaScript warning: https://ntcovid19dash.herokuapp.com/_dash-component-suites/dash_core_components/async-plotlyjs.v1_10_2m1595872686.js, line 2: WebGL warning: texImage: Alpha-premult and y-flip are deprecated for non-DOM-Element uploads.
1604227398243	Marionette	INFO	Stopped listening on port 60404

###!!! [Child][RunMessage] Error: Channel closing: too late to send/recv, messages will be lost


###!!! [Child][RunMessage] Error: Channel closing: too late to send/recv, messages will be lost


###!!! [Child][MessageChannel::SendAndWait] Error: Channel error: cannot send/recv

1604227517094	geckodriver	INFO	Listening on 127.0.0.1:60554
1604227520149	mozrunner::runner	INFO	Running command: "C:\\Program Files\\Mozilla Firefox\\firefox.exe" "--marionette" "-foreground" "-no-remote" "-profile" "C:\\Users\\KKHATI~1\\AppData\\Local\\Temp\\rust_mozprofileokB4wp"
JavaScript error: resource://gre/modules/XULStore.jsm, line 66: Error: Can't find profile directory.
console.warn: SearchSettings: "get: No settings file exists, new profile?" (new Error("", "(unknown module)"))
1604227523716	Marionette	INFO	Listening on port 60562
1604227524025	Marionette	WARN	TLS certificate errors will be ignored for this session
JavaScript error: resource://gre/modules/URIFixup.jsm, line 271: NS_ERROR_FAILURE: Should pass a non-null uri
1604227527108	Marionette	INFO	Stopped listening on port 60562
IPDL protocol error: Handler returned error code!

###!!! [Parent][DispatchAsyncMessage] Error: PLayerTransaction::Msg_ReleaseLayer Processing error: message was deserialized, but the handler returned false (indicating failure)


###!!! [Child][RunMessage] Error: Channel closing: too late to send/recv, messages will be lost


###!!! [Child][MessageChannel::SendAndWait] Error: Channel error: cannot send/recv

1604227528377	geckodriver	INFO	Listening on 127.0.0.1:60625
1604227531450	mozrunner::runner	INFO	Running command: "C:\\Program Files\\Mozilla Firefox\\firefox.exe" "--marionette" "-foreground" "-no-remote" "-profile" "C:\\Users\\KKHATI~1\\AppData\\Local\\Temp\\rust_mozprofile4tvIY7"
JavaScript error: resource://gre/modules/XULStore.jsm, line 66: Error: Can't find profile directory.
console.warn: SearchSettings: "get: No settings file exists, new profile?" (new Error("", "(unknown module)"))
1604227534970	Marionette	INFO	Listening on port 60633
1604227535365	Marionette	WARN	TLS certificate errors will be ignored for this session
JavaScript error: resource://gre/modules/URIFixup.jsm, line 271: NS_ERROR_FAILURE: Should pass a non-null uri
JavaScript error: https://pagead2.googlesyndication.com/pagead/js/adsbygoogle.js, line 219: uncaught exception: TagError: adsbygoogle.push() error: Fluid responsive ads must be at least 50px tall: height=4
Can't find symbol 'eglSwapBuffersWithDamageEXT'.
JavaScript warning: https://ntcovid19dash.herokuapp.com/_dash-component-suites/dash_core_components/async-plotlyjs.v1_10_2m1595872686.js, line 2: WebGL warning: texImage: Alpha-premult and y-flip are deprecated for non-DOM-Element uploads.
1604227562242	Marionette	INFO	Stopped listening on port 60633
JavaScript warning: https://ntcovid19dash.herokuapp.com/_dash-component-suites/dash_core_components/async-plotlyjs.v1_10_2m1595872686.js, line 2: WebGL warning: texImage: Alpha-premult and y-flip are deprecated for non-DOM-Element uploads.

###!!! [Child][RunMessage] Error: Channel closing: too late to send/recv, messages will be lost


###!!! [Child][RunMessage] Error: Channel closing: too late to send/recv, messages will be lost


###!!! [Child][MessageChannel::SendAndWait] Error: Channel error: cannot send/recv

